app/build/intermediates/manifest_merge_blame_file/release/manifest-merger-blame-release-report.txt
1<?xml version="1.0" encoding="utf-8"?>
2<manifest xmlns:android="http://schemas.android.com/apk/res/android"
3    package="com.jakting.shareclean"
4    android:versionCode="20200723"
5    android:versionName="0.1.4" >
6
7    <uses-sdk
8        android:minSdkVersion="26"
8-->src\main\AndroidManifest.xml
9        android:targetSdkVersion="29" />
9-->src\main\AndroidManifest.xml
10
11    <uses-permission android:name="android.permission.INTERNET" />
11-->[com.microsoft.appcenter:appcenter:3.2.2] AndroidManifest.xml:15:5-67
11-->[com.microsoft.appcenter:appcenter:3.2.2] AndroidManifest.xml:15:22-64
12    <uses-permission android:name="android.permission.ACCESS_NETWORK_STATE" />
12-->[com.microsoft.appcenter:appcenter:3.2.2] AndroidManifest.xml:16:5-79
12-->[com.microsoft.appcenter:appcenter:3.2.2] AndroidManifest.xml:16:22-76
13
14    <application
14-->src\main\AndroidManifest.xml:6:5-21:19
15        android:allowBackup="true"
15-->src\main\AndroidManifest.xml:7:9-35
16        android:appComponentFactory="androidx.core.app.CoreComponentFactory"
16-->[androidx.core:core:1.3.1] AndroidManifest.xml:24:18-86
17        android:extractNativeLibs="false"
18        android:icon="@mipmap/ic_launcher"
18-->src\main\AndroidManifest.xml:8:9-43
19        android:label="@string/app_name"
19-->src\main\AndroidManifest.xml:9:9-41
20        android:roundIcon="@mipmap/ic_launcher_round"
20-->src\main\AndroidManifest.xml:10:9-54
21        android:supportsRtl="true"
21-->src\main\AndroidManifest.xml:11:9-35
22        android:theme="@style/AppTheme" >
22-->src\main\AndroidManifest.xml:12:9-40
23        <activity android:name="com.jakting.shareclean.MainActivity" >
23-->src\main\AndroidManifest.xml:13:9-19:20
23-->src\main\AndroidManifest.xml:13:19-47
24            <intent-filter>
24-->src\main\AndroidManifest.xml:14:13-18:29
25                <action android:name="android.intent.action.MAIN" />
25-->src\main\AndroidManifest.xml:15:17-69
25-->src\main\AndroidManifest.xml:15:25-66
26
27                <category android:name="android.intent.category.LAUNCHER" />
27-->src\main\AndroidManifest.xml:17:17-77
27-->src\main\AndroidManifest.xml:17:27-74
28            </intent-filter>
29        </activity>
30        <activity android:name="com.jakting.shareclean.AppListActivity" />
30-->src\main\AndroidManifest.xml:20:9-53
30-->src\main\AndroidManifest.xml:20:19-50
31    </application>
32
33</manifest>